Analysis & Synthesis report for SpaceInvaders
Wed Apr 03 08:29:20 2024
Quartus Prime Version 20.1.1 Build 720 11/11/2020 SJ Lite Edition


---------------------
; Table of Contents ;
---------------------
  1. Legal Notice
  2. Analysis & Synthesis Summary
  3. Analysis & Synthesis Settings
  4. Parallel Compilation
  5. Analysis & Synthesis Source Files Read
  6. Analysis & Synthesis Resource Usage Summary
  7. Analysis & Synthesis Resource Utilization by Entity
  8. Analysis & Synthesis IP Cores Summary
  9. State Machine - |SpaceInvaders|Keyboard_Reader:U0|Key_Decode:U0|Key_Control:U1|currentState
 10. General Register Statistics
 11. Inverted Register Statistics
 12. Parameter Settings for User Entity Instance: Keyboard_Reader:U0|Key_Decode:U0|Key_Scan:U0|CLKDIV:U3
 13. Parameter Settings for User Entity Instance: UsbPort:U1|sld_virtual_jtag:b2v_inst
 14. Port Connectivity Checks: "UsbPort:U1"
 15. Port Connectivity Checks: "Keyboard_Reader:U0|Key_Decode:U0|Key_Scan:U0|CLKDIV:U3"
 16. Port Connectivity Checks: "Keyboard_Reader:U0|Key_Decode:U0|Key_Scan:U0|Counter_KeyScan:U2|REG:U3|FFD:U4"
 17. Port Connectivity Checks: "Keyboard_Reader:U0|Key_Decode:U0|Key_Scan:U0|Counter_KeyScan:U2|REG:U3|FFD:U3"
 18. Port Connectivity Checks: "Keyboard_Reader:U0|Key_Decode:U0|Key_Scan:U0|Counter_KeyScan:U2|REG:U3|FFD:U2"
 19. Port Connectivity Checks: "Keyboard_Reader:U0|Key_Decode:U0|Key_Scan:U0|Counter_KeyScan:U2|REG:U3|FFD:U1"
 20. Port Connectivity Checks: "Keyboard_Reader:U0|Key_Decode:U0|Key_Scan:U0|Counter_KeyScan:U2|Somador:U1"
 21. Port Connectivity Checks: "Keyboard_Reader:U0|Key_Decode:U0|Key_Scan:U0|Decoder:U0"
 22. Port Connectivity Checks: "Keyboard_Reader:U0|Key_Decode:U0|Key_Scan:U0"
 23. Virtual JTAG Settings
 24. Post-Synthesis Netlist Statistics for Top Partition
 25. Elapsed Time Per Partition
 26. Analysis & Synthesis Messages



----------------
; Legal Notice ;
----------------
Copyright (C) 2020  Intel Corporation. All rights reserved.
Your use of Intel Corporation's design tools, logic functions 
and other software and tools, and any partner logic 
functions, and any output files from any of the foregoing 
(including device programming or simulation files), and any 
associated documentation or information are expressly subject 
to the terms and conditions of the Intel Program License 
Subscription Agreement, the Intel Quartus Prime License Agreement,
the Intel FPGA IP License Agreement, or other applicable license
agreement, including, without limitation, that your use is for
the sole purpose of programming logic devices manufactured by
Intel and sold by Intel or its authorized distributors.  Please
refer to the applicable agreement for further details, at
https://fpgasoftware.intel.com/eula.



+----------------------------------------------------------------------------------+
; Analysis & Synthesis Summary                                                     ;
+------------------------------------+---------------------------------------------+
; Analysis & Synthesis Status        ; Successful - Wed Apr 03 08:29:20 2024       ;
; Quartus Prime Version              ; 20.1.1 Build 720 11/11/2020 SJ Lite Edition ;
; Revision Name                      ; SpaceInvaders                               ;
; Top-level Entity Name              ; SpaceInvaders                               ;
; Family                             ; MAX 10                                      ;
; Total logic elements               ; 167                                         ;
;     Total combinational functions  ; 143                                         ;
;     Dedicated logic registers      ; 93                                          ;
; Total registers                    ; 93                                          ;
; Total pins                         ; 15                                          ;
; Total virtual pins                 ; 0                                           ;
; Total memory bits                  ; 0                                           ;
; Embedded Multiplier 9-bit elements ; 0                                           ;
; Total PLLs                         ; 0                                           ;
; UFM blocks                         ; 0                                           ;
; ADC blocks                         ; 0                                           ;
+------------------------------------+---------------------------------------------+


+------------------------------------------------------------------------------------------------------------+
; Analysis & Synthesis Settings                                                                              ;
+------------------------------------------------------------------+--------------------+--------------------+
; Option                                                           ; Setting            ; Default Value      ;
+------------------------------------------------------------------+--------------------+--------------------+
; Device                                                           ; 10M50DAF484C6GES   ;                    ;
; Top-level entity name                                            ; SpaceInvaders      ; SpaceInvaders      ;
; Family name                                                      ; MAX 10             ; Cyclone V          ;
; Use smart compilation                                            ; Off                ; Off                ;
; Enable parallel Assembler and Timing Analyzer during compilation ; On                 ; On                 ;
; Enable compact report table                                      ; Off                ; Off                ;
; Restructure Multiplexers                                         ; Auto               ; Auto               ;
; Create Debugging Nodes for IP Cores                              ; Off                ; Off                ;
; Preserve fewer node names                                        ; On                 ; On                 ;
; Intel FPGA IP Evaluation Mode                                    ; Enable             ; Enable             ;
; Verilog Version                                                  ; Verilog_2001       ; Verilog_2001       ;
; VHDL Version                                                     ; VHDL_1993          ; VHDL_1993          ;
; State Machine Processing                                         ; Auto               ; Auto               ;
; Safe State Machine                                               ; Off                ; Off                ;
; Extract Verilog State Machines                                   ; On                 ; On                 ;
; Extract VHDL State Machines                                      ; On                 ; On                 ;
; Ignore Verilog initial constructs                                ; Off                ; Off                ;
; Iteration limit for constant Verilog loops                       ; 5000               ; 5000               ;
; Iteration limit for non-constant Verilog loops                   ; 250                ; 250                ;
; Add Pass-Through Logic to Inferred RAMs                          ; On                 ; On                 ;
; Infer RAMs from Raw Logic                                        ; On                 ; On                 ;
; Parallel Synthesis                                               ; On                 ; On                 ;
; DSP Block Balancing                                              ; Auto               ; Auto               ;
; NOT Gate Push-Back                                               ; On                 ; On                 ;
; Power-Up Don't Care                                              ; On                 ; On                 ;
; Remove Redundant Logic Cells                                     ; Off                ; Off                ;
; Remove Duplicate Registers                                       ; On                 ; On                 ;
; Ignore CARRY Buffers                                             ; Off                ; Off                ;
; Ignore CASCADE Buffers                                           ; Off                ; Off                ;
; Ignore GLOBAL Buffers                                            ; Off                ; Off                ;
; Ignore ROW GLOBAL Buffers                                        ; Off                ; Off                ;
; Ignore LCELL Buffers                                             ; Off                ; Off                ;
; Ignore SOFT Buffers                                              ; On                 ; On                 ;
; Limit AHDL Integers to 32 Bits                                   ; Off                ; Off                ;
; Optimization Technique                                           ; Balanced           ; Balanced           ;
; Carry Chain Length                                               ; 70                 ; 70                 ;
; Auto Carry Chains                                                ; On                 ; On                 ;
; Auto Open-Drain Pins                                             ; On                 ; On                 ;
; Perform WYSIWYG Primitive Resynthesis                            ; Off                ; Off                ;
; Auto ROM Replacement                                             ; On                 ; On                 ;
; Auto RAM Replacement                                             ; On                 ; On                 ;
; Auto DSP Block Replacement                                       ; On                 ; On                 ;
; Auto Shift Register Replacement                                  ; Auto               ; Auto               ;
; Allow Shift Register Merging across Hierarchies                  ; Auto               ; Auto               ;
; Auto Clock Enable Replacement                                    ; On                 ; On                 ;
; Strict RAM Replacement                                           ; Off                ; Off                ;
; Allow Synchronous Control Signals                                ; On                 ; On                 ;
; Force Use of Synchronous Clear Signals                           ; Off                ; Off                ;
; Auto RAM Block Balancing                                         ; On                 ; On                 ;
; Auto RAM to Logic Cell Conversion                                ; Off                ; Off                ;
; Auto Resource Sharing                                            ; Off                ; Off                ;
; Allow Any RAM Size For Recognition                               ; Off                ; Off                ;
; Allow Any ROM Size For Recognition                               ; Off                ; Off                ;
; Allow Any Shift Register Size For Recognition                    ; Off                ; Off                ;
; Use LogicLock Constraints during Resource Balancing              ; On                 ; On                 ;
; Ignore translate_off and synthesis_off directives                ; Off                ; Off                ;
; Timing-Driven Synthesis                                          ; On                 ; On                 ;
; Report Parameter Settings                                        ; On                 ; On                 ;
; Report Source Assignments                                        ; On                 ; On                 ;
; Report Connectivity Checks                                       ; On                 ; On                 ;
; Ignore Maximum Fan-Out Assignments                               ; Off                ; Off                ;
; Synchronization Register Chain Length                            ; 2                  ; 2                  ;
; Power Optimization During Synthesis                              ; Normal compilation ; Normal compilation ;
; HDL message level                                                ; Level2             ; Level2             ;
; Suppress Register Optimization Related Messages                  ; Off                ; Off                ;
; Number of Removed Registers Reported in Synthesis Report         ; 5000               ; 5000               ;
; Number of Swept Nodes Reported in Synthesis Report               ; 5000               ; 5000               ;
; Number of Inverted Registers Reported in Synthesis Report        ; 100                ; 100                ;
; Clock MUX Protection                                             ; On                 ; On                 ;
; Auto Gated Clock Conversion                                      ; Off                ; Off                ;
; Block Design Naming                                              ; Auto               ; Auto               ;
; SDC constraint protection                                        ; Off                ; Off                ;
; Synthesis Effort                                                 ; Auto               ; Auto               ;
; Shift Register Replacement - Allow Asynchronous Clear Signal     ; On                 ; On                 ;
; Pre-Mapping Resynthesis Optimization                             ; Off                ; Off                ;
; Analysis & Synthesis Message Level                               ; Medium             ; Medium             ;
; Disable Register Merging Across Hierarchies                      ; Auto               ; Auto               ;
; Resource Aware Inference For Block RAM                           ; On                 ; On                 ;
+------------------------------------------------------------------+--------------------+--------------------+


+------------------------------------------+
; Parallel Compilation                     ;
+----------------------------+-------------+
; Processors                 ; Number      ;
+----------------------------+-------------+
; Number detected on machine ; 8           ;
; Maximum allowed            ; 4           ;
;                            ;             ;
; Average used               ; 1.00        ;
; Maximum used               ; 4           ;
;                            ;             ;
; Usage by Processor         ; % Time Used ;
;     Processor 1            ; 100.0%      ;
;     Processors 2-4         ;   0.0%      ;
+----------------------------+-------------+


+----------------------------------------------------------------------------------------------------------------------------------------------------------------------------------------------------------------------------------------------------------------------------------------+
; Analysis & Synthesis Source Files Read                                                                                                                                                                                                                                                 ;
+--------------------------------------------------------------------+-----------------+----------------------------------------------+------------------------------------------------------------------------------------------------------------------------------------+-------------+
; File Name with User-Entered Path                                   ; Used in Netlist ; File Type                                    ; File Name with Absolute Path                                                                                                       ; Library     ;
+--------------------------------------------------------------------+-----------------+----------------------------------------------+------------------------------------------------------------------------------------------------------------------------------------+-------------+
; UsbPort.vhd                                                        ; yes             ; User VHDL File                               ; C:/Users/fonseca/Documents/GitHub/SpaceInvaders/SpaceInvadersHW/UsbPort.vhd                                                        ;             ;
; FFD.vhd                                                            ; yes             ; User VHDL File                               ; C:/Users/fonseca/Documents/GitHub/SpaceInvaders/SpaceInvadersHW/FFD.vhd                                                            ;             ;
; FA.vhd                                                             ; yes             ; User VHDL File                               ; C:/Users/fonseca/Documents/GitHub/SpaceInvaders/SpaceInvadersHW/FA.vhd                                                             ;             ;
; Somador.vhd                                                        ; yes             ; User VHDL File                               ; C:/Users/fonseca/Documents/GitHub/SpaceInvaders/SpaceInvadersHW/Somador.vhd                                                        ;             ;
; Decoder.vhd                                                        ; yes             ; User VHDL File                               ; C:/Users/fonseca/Documents/GitHub/SpaceInvaders/SpaceInvadersHW/Decoder.vhd                                                        ;             ;
; REG.vhd                                                            ; yes             ; User VHDL File                               ; C:/Users/fonseca/Documents/GitHub/SpaceInvaders/SpaceInvadersHW/REG.vhd                                                            ;             ;
; Key_Decode.vhd                                                     ; yes             ; User VHDL File                               ; C:/Users/fonseca/Documents/GitHub/SpaceInvaders/SpaceInvadersHW/Key_Decode.vhd                                                     ;             ;
; Key_Scan.vhd                                                       ; yes             ; User VHDL File                               ; C:/Users/fonseca/Documents/GitHub/SpaceInvaders/SpaceInvadersHW/Key_Scan.vhd                                                       ;             ;
; Key_Control.vhd                                                    ; yes             ; User VHDL File                               ; C:/Users/fonseca/Documents/GitHub/SpaceInvaders/SpaceInvadersHW/Key_Control.vhd                                                    ;             ;
; MUX.vhd                                                            ; yes             ; User VHDL File                               ; C:/Users/fonseca/Documents/GitHub/SpaceInvaders/SpaceInvadersHW/MUX.vhd                                                            ;             ;
; Counter_KeyScan.vhd                                                ; yes             ; User VHDL File                               ; C:/Users/fonseca/Documents/GitHub/SpaceInvaders/SpaceInvadersHW/Counter_KeyScan.vhd                                                ;             ;
; CLKDIV.vhd                                                         ; yes             ; User VHDL File                               ; C:/Users/fonseca/Documents/GitHub/SpaceInvaders/SpaceInvadersHW/CLKDIV.vhd                                                         ;             ;
; Keyboard_Reader.vhd                                                ; yes             ; User VHDL File                               ; C:/Users/fonseca/Documents/GitHub/SpaceInvaders/SpaceInvadersHW/Keyboard_Reader.vhd                                                ;             ;
; SpaceInvaders.vhd                                                  ; yes             ; User VHDL File                               ; C:/Users/fonseca/Documents/GitHub/SpaceInvaders/SpaceInvadersHW/SpaceInvaders.vhd                                                  ;             ;
; sld_virtual_jtag.v                                                 ; yes             ; Megafunction                                 ; c:/quartusprime/quartus/libraries/megafunctions/sld_virtual_jtag.v                                                                 ;             ;
; sld_virtual_jtag_basic.v                                           ; yes             ; Megafunction                                 ; c:/quartusprime/quartus/libraries/megafunctions/sld_virtual_jtag_basic.v                                                           ;             ;
; sld_jtag_endpoint_adapter.vhd                                      ; yes             ; Encrypted Megafunction                       ; c:/quartusprime/quartus/libraries/megafunctions/sld_jtag_endpoint_adapter.vhd                                                      ;             ;
; sld_jtag_endpoint_adapter_impl.sv                                  ; yes             ; Encrypted Megafunction                       ; c:/quartusprime/quartus/libraries/megafunctions/sld_jtag_endpoint_adapter_impl.sv                                                  ;             ;
; sld_hub.vhd                                                        ; yes             ; Encrypted Megafunction                       ; c:/quartusprime/quartus/libraries/megafunctions/sld_hub.vhd                                                                        ; altera_sld  ;
; db/ip/sld25a986d0/alt_sld_fab.v                                    ; yes             ; Encrypted Auto-Found Verilog HDL File        ; C:/Users/fonseca/Documents/GitHub/SpaceInvaders/SpaceInvadersHW/db/ip/sld25a986d0/alt_sld_fab.v                                    ; alt_sld_fab ;
; db/ip/sld25a986d0/submodules/alt_sld_fab_alt_sld_fab.v             ; yes             ; Encrypted Auto-Found Verilog HDL File        ; C:/Users/fonseca/Documents/GitHub/SpaceInvaders/SpaceInvadersHW/db/ip/sld25a986d0/submodules/alt_sld_fab_alt_sld_fab.v             ; alt_sld_fab ;
; db/ip/sld25a986d0/submodules/alt_sld_fab_alt_sld_fab_ident.sv      ; yes             ; Auto-Found SystemVerilog HDL File            ; C:/Users/fonseca/Documents/GitHub/SpaceInvaders/SpaceInvadersHW/db/ip/sld25a986d0/submodules/alt_sld_fab_alt_sld_fab_ident.sv      ; alt_sld_fab ;
; db/ip/sld25a986d0/submodules/alt_sld_fab_alt_sld_fab_presplit.sv   ; yes             ; Encrypted Auto-Found SystemVerilog HDL File  ; C:/Users/fonseca/Documents/GitHub/SpaceInvaders/SpaceInvadersHW/db/ip/sld25a986d0/submodules/alt_sld_fab_alt_sld_fab_presplit.sv   ; alt_sld_fab ;
; db/ip/sld25a986d0/submodules/alt_sld_fab_alt_sld_fab_sldfabric.vhd ; yes             ; Encrypted Auto-Found VHDL File               ; C:/Users/fonseca/Documents/GitHub/SpaceInvaders/SpaceInvadersHW/db/ip/sld25a986d0/submodules/alt_sld_fab_alt_sld_fab_sldfabric.vhd ; alt_sld_fab ;
; db/ip/sld25a986d0/submodules/alt_sld_fab_alt_sld_fab_splitter.sv   ; yes             ; Encrypted Auto-Found SystemVerilog HDL File  ; C:/Users/fonseca/Documents/GitHub/SpaceInvaders/SpaceInvadersHW/db/ip/sld25a986d0/submodules/alt_sld_fab_alt_sld_fab_splitter.sv   ; alt_sld_fab ;
; sld_jtag_hub.vhd                                                   ; yes             ; Encrypted Megafunction                       ; c:/quartusprime/quartus/libraries/megafunctions/sld_jtag_hub.vhd                                                                   ;             ;
; sld_rom_sr.vhd                                                     ; yes             ; Encrypted Megafunction                       ; c:/quartusprime/quartus/libraries/megafunctions/sld_rom_sr.vhd                                                                     ;             ;
+--------------------------------------------------------------------+-----------------+----------------------------------------------+------------------------------------------------------------------------------------------------------------------------------------+-------------+


+------------------------------------------------------------------------+
; Analysis & Synthesis Resource Usage Summary                            ;
+---------------------------------------------+--------------------------+
; Resource                                    ; Usage                    ;
+---------------------------------------------+--------------------------+
; Estimated Total logic elements              ; 167                      ;
;                                             ;                          ;
; Total combinational functions               ; 143                      ;
; Logic element usage by number of LUT inputs ;                          ;
;     -- 4 input functions                    ; 60                       ;
;     -- 3 input functions                    ; 34                       ;
;     -- <=2 input functions                  ; 49                       ;
;                                             ;                          ;
; Logic elements by mode                      ;                          ;
;     -- normal mode                          ; 135                      ;
;     -- arithmetic mode                      ; 8                        ;
;                                             ;                          ;
; Total registers                             ; 93                       ;
;     -- Dedicated logic registers            ; 93                       ;
;     -- I/O registers                        ; 0                        ;
;                                             ;                          ;
; I/O pins                                    ; 15                       ;
;                                             ;                          ;
; Embedded Multiplier 9-bit elements          ; 0                        ;
;                                             ;                          ;
; Maximum fan-out node                        ; altera_internal_jtag~TDO ;
; Maximum fan-out                             ; 107                      ;
; Total fan-out                               ; 747                      ;
; Average fan-out                             ; 2.72                     ;
+---------------------------------------------+--------------------------+


+-------------------------------------------------------------------------------------------------------------------------------------------------------------------------------------------------------------------------------------------------------------------------------------------------------------------------------------------------------------------------------------------------------------------------------------------------------------------------------------------------------------------------------------------------------------------------------------------------------------------------------------------------------------------------------------------------------------+
; Analysis & Synthesis Resource Utilization by Entity                                                                                                                                                                                                                                                                                                                                                                                                                                                                                                                                                                                                                                                         ;
+-----------------------------------------------------------------------------------------------------------------------------------------+---------------------+---------------------------+-------------+------------+--------------+---------+-----------+------+--------------+------------+-----------------------------------------------------------------------------------------------------------------------------------------------------------------------------------------------------------------------------------------------------------------------------------------------------------------------------------------------------------+-----------------------------------+--------------+
; Compilation Hierarchy Node                                                                                                              ; Combinational ALUTs ; Dedicated Logic Registers ; Memory Bits ; UFM Blocks ; DSP Elements ; DSP 9x9 ; DSP 18x18 ; Pins ; Virtual Pins ; ADC blocks ; Full Hierarchy Name                                                                                                                                                                                                                                                                                                                                       ; Entity Name                       ; Library Name ;
+-----------------------------------------------------------------------------------------------------------------------------------------+---------------------+---------------------------+-------------+------------+--------------+---------+-----------+------+--------------+------------+-----------------------------------------------------------------------------------------------------------------------------------------------------------------------------------------------------------------------------------------------------------------------------------------------------------------------------------------------------------+-----------------------------------+--------------+
; |SpaceInvaders                                                                                                                          ; 143 (2)             ; 93 (0)                    ; 0           ; 0          ; 0            ; 0       ; 0         ; 15   ; 0            ; 0          ; |SpaceInvaders                                                                                                                                                                                                                                                                                                                                            ; SpaceInvaders                     ; work         ;
;    |Keyboard_Reader:U0|                                                                                                                 ; 17 (0)              ; 7 (0)                     ; 0           ; 0          ; 0            ; 0       ; 0         ; 0    ; 0            ; 0          ; |SpaceInvaders|Keyboard_Reader:U0                                                                                                                                                                                                                                                                                                                         ; Keyboard_Reader                   ; work         ;
;       |Key_Decode:U0|                                                                                                                   ; 17 (0)              ; 7 (0)                     ; 0           ; 0          ; 0            ; 0       ; 0         ; 0    ; 0            ; 0          ; |SpaceInvaders|Keyboard_Reader:U0|Key_Decode:U0                                                                                                                                                                                                                                                                                                           ; Key_Decode                        ; work         ;
;          |Key_Control:U1|                                                                                                               ; 3 (3)               ; 3 (3)                     ; 0           ; 0          ; 0            ; 0       ; 0         ; 0    ; 0            ; 0          ; |SpaceInvaders|Keyboard_Reader:U0|Key_Decode:U0|Key_Control:U1                                                                                                                                                                                                                                                                                            ; Key_Control                       ; work         ;
;          |Key_Scan:U0|                                                                                                                  ; 14 (0)              ; 4 (0)                     ; 0           ; 0          ; 0            ; 0       ; 0         ; 0    ; 0            ; 0          ; |SpaceInvaders|Keyboard_Reader:U0|Key_Decode:U0|Key_Scan:U0                                                                                                                                                                                                                                                                                               ; Key_Scan                          ; work         ;
;             |Counter_KeyScan:U2|                                                                                                        ; 9 (0)               ; 4 (0)                     ; 0           ; 0          ; 0            ; 0       ; 0         ; 0    ; 0            ; 0          ; |SpaceInvaders|Keyboard_Reader:U0|Key_Decode:U0|Key_Scan:U0|Counter_KeyScan:U2                                                                                                                                                                                                                                                                            ; Counter_KeyScan                   ; work         ;
;                |REG:U3|                                                                                                                 ; 9 (0)               ; 4 (0)                     ; 0           ; 0          ; 0            ; 0       ; 0         ; 0    ; 0            ; 0          ; |SpaceInvaders|Keyboard_Reader:U0|Key_Decode:U0|Key_Scan:U0|Counter_KeyScan:U2|REG:U3                                                                                                                                                                                                                                                                     ; REG                               ; work         ;
;                   |FFD:U1|                                                                                                              ; 2 (2)               ; 1 (1)                     ; 0           ; 0          ; 0            ; 0       ; 0         ; 0    ; 0            ; 0          ; |SpaceInvaders|Keyboard_Reader:U0|Key_Decode:U0|Key_Scan:U0|Counter_KeyScan:U2|REG:U3|FFD:U1                                                                                                                                                                                                                                                              ; FFD                               ; work         ;
;                   |FFD:U2|                                                                                                              ; 2 (2)               ; 1 (1)                     ; 0           ; 0          ; 0            ; 0       ; 0         ; 0    ; 0            ; 0          ; |SpaceInvaders|Keyboard_Reader:U0|Key_Decode:U0|Key_Scan:U0|Counter_KeyScan:U2|REG:U3|FFD:U2                                                                                                                                                                                                                                                              ; FFD                               ; work         ;
;                   |FFD:U3|                                                                                                              ; 2 (2)               ; 1 (1)                     ; 0           ; 0          ; 0            ; 0       ; 0         ; 0    ; 0            ; 0          ; |SpaceInvaders|Keyboard_Reader:U0|Key_Decode:U0|Key_Scan:U0|Counter_KeyScan:U2|REG:U3|FFD:U3                                                                                                                                                                                                                                                              ; FFD                               ; work         ;
;                   |FFD:U4|                                                                                                              ; 3 (3)               ; 1 (1)                     ; 0           ; 0          ; 0            ; 0       ; 0         ; 0    ; 0            ; 0          ; |SpaceInvaders|Keyboard_Reader:U0|Key_Decode:U0|Key_Scan:U0|Counter_KeyScan:U2|REG:U3|FFD:U4                                                                                                                                                                                                                                                              ; FFD                               ; work         ;
;             |Decoder:U0|                                                                                                                ; 3 (3)               ; 0 (0)                     ; 0           ; 0          ; 0            ; 0       ; 0         ; 0    ; 0            ; 0          ; |SpaceInvaders|Keyboard_Reader:U0|Key_Decode:U0|Key_Scan:U0|Decoder:U0                                                                                                                                                                                                                                                                                    ; Decoder                           ; work         ;
;             |Mux:U1|                                                                                                                    ; 2 (2)               ; 0 (0)                     ; 0           ; 0          ; 0            ; 0       ; 0         ; 0    ; 0            ; 0          ; |SpaceInvaders|Keyboard_Reader:U0|Key_Decode:U0|Key_Scan:U0|Mux:U1                                                                                                                                                                                                                                                                                        ; Mux                               ; work         ;
;    |sld_hub:auto_hub|                                                                                                                   ; 124 (1)             ; 86 (0)                    ; 0           ; 0          ; 0            ; 0       ; 0         ; 0    ; 0            ; 0          ; |SpaceInvaders|sld_hub:auto_hub                                                                                                                                                                                                                                                                                                                           ; sld_hub                           ; altera_sld   ;
;       |alt_sld_fab_with_jtag_input:\instrumentation_fabric_with_node_gen:fabric_gen_new_way:with_jtag_input_gen:instrumentation_fabric| ; 123 (0)             ; 86 (0)                    ; 0           ; 0          ; 0            ; 0       ; 0         ; 0    ; 0            ; 0          ; |SpaceInvaders|sld_hub:auto_hub|alt_sld_fab_with_jtag_input:\instrumentation_fabric_with_node_gen:fabric_gen_new_way:with_jtag_input_gen:instrumentation_fabric                                                                                                                                                                                           ; alt_sld_fab_with_jtag_input       ; altera_sld   ;
;          |alt_sld_fab:instrumentation_fabric|                                                                                           ; 123 (0)             ; 86 (0)                    ; 0           ; 0          ; 0            ; 0       ; 0         ; 0    ; 0            ; 0          ; |SpaceInvaders|sld_hub:auto_hub|alt_sld_fab_with_jtag_input:\instrumentation_fabric_with_node_gen:fabric_gen_new_way:with_jtag_input_gen:instrumentation_fabric|alt_sld_fab:instrumentation_fabric                                                                                                                                                        ; alt_sld_fab                       ; alt_sld_fab  ;
;             |alt_sld_fab_alt_sld_fab:alt_sld_fab|                                                                                       ; 123 (1)             ; 86 (5)                    ; 0           ; 0          ; 0            ; 0       ; 0         ; 0    ; 0            ; 0          ; |SpaceInvaders|sld_hub:auto_hub|alt_sld_fab_with_jtag_input:\instrumentation_fabric_with_node_gen:fabric_gen_new_way:with_jtag_input_gen:instrumentation_fabric|alt_sld_fab:instrumentation_fabric|alt_sld_fab_alt_sld_fab:alt_sld_fab                                                                                                                    ; alt_sld_fab_alt_sld_fab           ; alt_sld_fab  ;
;                |alt_sld_fab_alt_sld_fab_sldfabric:sldfabric|                                                                            ; 122 (0)             ; 81 (0)                    ; 0           ; 0          ; 0            ; 0       ; 0         ; 0    ; 0            ; 0          ; |SpaceInvaders|sld_hub:auto_hub|alt_sld_fab_with_jtag_input:\instrumentation_fabric_with_node_gen:fabric_gen_new_way:with_jtag_input_gen:instrumentation_fabric|alt_sld_fab:instrumentation_fabric|alt_sld_fab_alt_sld_fab:alt_sld_fab|alt_sld_fab_alt_sld_fab_sldfabric:sldfabric                                                                        ; alt_sld_fab_alt_sld_fab_sldfabric ; alt_sld_fab  ;
;                   |sld_jtag_hub:\jtag_hub_gen:real_sld_jtag_hub|                                                                        ; 122 (84)            ; 81 (53)                   ; 0           ; 0          ; 0            ; 0       ; 0         ; 0    ; 0            ; 0          ; |SpaceInvaders|sld_hub:auto_hub|alt_sld_fab_with_jtag_input:\instrumentation_fabric_with_node_gen:fabric_gen_new_way:with_jtag_input_gen:instrumentation_fabric|alt_sld_fab:instrumentation_fabric|alt_sld_fab_alt_sld_fab:alt_sld_fab|alt_sld_fab_alt_sld_fab_sldfabric:sldfabric|sld_jtag_hub:\jtag_hub_gen:real_sld_jtag_hub                           ; sld_jtag_hub                      ; work         ;
;                      |sld_rom_sr:hub_info_reg|                                                                                          ; 20 (20)             ; 9 (9)                     ; 0           ; 0          ; 0            ; 0       ; 0         ; 0    ; 0            ; 0          ; |SpaceInvaders|sld_hub:auto_hub|alt_sld_fab_with_jtag_input:\instrumentation_fabric_with_node_gen:fabric_gen_new_way:with_jtag_input_gen:instrumentation_fabric|alt_sld_fab:instrumentation_fabric|alt_sld_fab_alt_sld_fab:alt_sld_fab|alt_sld_fab_alt_sld_fab_sldfabric:sldfabric|sld_jtag_hub:\jtag_hub_gen:real_sld_jtag_hub|sld_rom_sr:hub_info_reg   ; sld_rom_sr                        ; work         ;
;                      |sld_shadow_jsm:shadow_jsm|                                                                                        ; 18 (18)             ; 19 (19)                   ; 0           ; 0          ; 0            ; 0       ; 0         ; 0    ; 0            ; 0          ; |SpaceInvaders|sld_hub:auto_hub|alt_sld_fab_with_jtag_input:\instrumentation_fabric_with_node_gen:fabric_gen_new_way:with_jtag_input_gen:instrumentation_fabric|alt_sld_fab:instrumentation_fabric|alt_sld_fab_alt_sld_fab:alt_sld_fab|alt_sld_fab_alt_sld_fab_sldfabric:sldfabric|sld_jtag_hub:\jtag_hub_gen:real_sld_jtag_hub|sld_shadow_jsm:shadow_jsm ; sld_shadow_jsm                    ; altera_sld   ;
+-----------------------------------------------------------------------------------------------------------------------------------------+---------------------+---------------------------+-------------+------------+--------------+---------+-----------+------+--------------+------------+-----------------------------------------------------------------------------------------------------------------------------------------------------------------------------------------------------------------------------------------------------------------------------------------------------------------------------------------------------------+-----------------------------------+--------------+
Note: For table entries with two numbers listed, the numbers in parentheses indicate the number of resources of the given type used by the specific entity alone. The numbers listed outside of parentheses indicate the total resources of the given type used by the specific entity and all of its sub-entities in the hierarchy.


+----------------------------------------------------------------------------------------------------------------------------------------------------------------------------------------------------------------------------------------------------------------------------------------------------------------------------------------------------------------------+
; Analysis & Synthesis IP Cores Summary                                                                                                                                                                                                                                                                                                                                ;
+--------+--------------+---------+--------------+--------------+------------------------------------------------------------------------------------------------------------------------------------------------------------------------------------------------------------------------------------------------------------------------------------+-----------------+
; Vendor ; IP Core Name ; Version ; Release Date ; License Type ; Entity Instance                                                                                                                                                                                                                                                                    ; IP Include File ;
+--------+--------------+---------+--------------+--------------+------------------------------------------------------------------------------------------------------------------------------------------------------------------------------------------------------------------------------------------------------------------------------------+-----------------+
; Altera ; Signal Tap   ; N/A     ; N/A          ; Licensed     ; |SpaceInvaders|sld_hub:auto_hub|alt_sld_fab_with_jtag_input:\instrumentation_fabric_with_node_gen:fabric_gen_new_way:with_jtag_input_gen:instrumentation_fabric|alt_sld_fab:instrumentation_fabric                                                                                 ;                 ;
; Altera ; Signal Tap   ; N/A     ; N/A          ; Licensed     ; |SpaceInvaders|sld_hub:auto_hub|alt_sld_fab_with_jtag_input:\instrumentation_fabric_with_node_gen:fabric_gen_new_way:with_jtag_input_gen:instrumentation_fabric|alt_sld_fab:instrumentation_fabric|alt_sld_fab_alt_sld_fab:alt_sld_fab                                             ;                 ;
; Altera ; Signal Tap   ; N/A     ; N/A          ; Licensed     ; |SpaceInvaders|sld_hub:auto_hub|alt_sld_fab_with_jtag_input:\instrumentation_fabric_with_node_gen:fabric_gen_new_way:with_jtag_input_gen:instrumentation_fabric|alt_sld_fab:instrumentation_fabric|alt_sld_fab_alt_sld_fab:alt_sld_fab|alt_sld_fab_alt_sld_fab_presplit:presplit   ;                 ;
; Altera ; Signal Tap   ; N/A     ; N/A          ; Licensed     ; |SpaceInvaders|sld_hub:auto_hub|alt_sld_fab_with_jtag_input:\instrumentation_fabric_with_node_gen:fabric_gen_new_way:with_jtag_input_gen:instrumentation_fabric|alt_sld_fab:instrumentation_fabric|alt_sld_fab_alt_sld_fab:alt_sld_fab|alt_sld_fab_alt_sld_fab_sldfabric:sldfabric ;                 ;
; Altera ; Signal Tap   ; N/A     ; N/A          ; Licensed     ; |SpaceInvaders|sld_hub:auto_hub|alt_sld_fab_with_jtag_input:\instrumentation_fabric_with_node_gen:fabric_gen_new_way:with_jtag_input_gen:instrumentation_fabric|alt_sld_fab:instrumentation_fabric|alt_sld_fab_alt_sld_fab:alt_sld_fab|alt_sld_fab_alt_sld_fab_splitter:splitter   ;                 ;
+--------+--------------+---------+--------------+--------------+------------------------------------------------------------------------------------------------------------------------------------------------------------------------------------------------------------------------------------------------------------------------------------+-----------------+


Encoding Type:  One-Hot
+---------------------------------------------------------------------------------------------+
; State Machine - |SpaceInvaders|Keyboard_Reader:U0|Key_Decode:U0|Key_Control:U1|currentState ;
+----------------------+----------------------+----------------------+------------------------+
; Name                 ; currentState.STATE_3 ; currentState.STATE_2 ; currentState.STATE_1   ;
+----------------------+----------------------+----------------------+------------------------+
; currentState.STATE_1 ; 0                    ; 0                    ; 0                      ;
; currentState.STATE_2 ; 0                    ; 1                    ; 1                      ;
; currentState.STATE_3 ; 1                    ; 0                    ; 1                      ;
+----------------------+----------------------+----------------------+------------------------+


+------------------------------------------------------+
; General Register Statistics                          ;
+----------------------------------------------+-------+
; Statistic                                    ; Value ;
+----------------------------------------------+-------+
; Total registers                              ; 93    ;
; Number of registers using Synchronous Clear  ; 12    ;
; Number of registers using Synchronous Load   ; 10    ;
; Number of registers using Asynchronous Clear ; 36    ;
; Number of registers using Asynchronous Load  ; 0     ;
; Number of registers using Clock Enable       ; 58    ;
; Number of registers using Preset             ; 0     ;
+----------------------------------------------+-------+


+-------------------------------------------------------------------------------------------------------------------------------------------------------------------------------------------------------------------------------------------------------------------------------------------------------------------------------------------+
; Inverted Register Statistics                                                                                                                                                                                                                                                                                                              ;
+---------------------------------------------------------------------------------------------------------------------------------------------------------------------------------------------------------------------------------------------------------------------------------------------------------------------------------+---------+
; Inverted Register                                                                                                                                                                                                                                                                                                               ; Fan out ;
+---------------------------------------------------------------------------------------------------------------------------------------------------------------------------------------------------------------------------------------------------------------------------------------------------------------------------------+---------+
; Keyboard_Reader:U0|Key_Decode:U0|Key_Scan:U0|Counter_KeyScan:U2|REG:U3|FFD:U3|Q                                                                                                                                                                                                                                                 ; 6       ;
; Keyboard_Reader:U0|Key_Decode:U0|Key_Scan:U0|Counter_KeyScan:U2|REG:U3|FFD:U4|Q                                                                                                                                                                                                                                                 ; 5       ;
; Keyboard_Reader:U0|Key_Decode:U0|Key_Scan:U0|Counter_KeyScan:U2|REG:U3|FFD:U1|Q                                                                                                                                                                                                                                                 ; 7       ;
; Keyboard_Reader:U0|Key_Decode:U0|Key_Scan:U0|Counter_KeyScan:U2|REG:U3|FFD:U2|Q                                                                                                                                                                                                                                                 ; 5       ;
; sld_hub:auto_hub|alt_sld_fab_with_jtag_input:\instrumentation_fabric_with_node_gen:fabric_gen_new_way:with_jtag_input_gen:instrumentation_fabric|alt_sld_fab:instrumentation_fabric|alt_sld_fab_alt_sld_fab:alt_sld_fab|alt_sld_fab_alt_sld_fab_sldfabric:sldfabric|sld_jtag_hub:\jtag_hub_gen:real_sld_jtag_hub|jtag_ir_reg[2] ; 2       ;
; sld_hub:auto_hub|alt_sld_fab_with_jtag_input:\instrumentation_fabric_with_node_gen:fabric_gen_new_way:with_jtag_input_gen:instrumentation_fabric|alt_sld_fab:instrumentation_fabric|alt_sld_fab_alt_sld_fab:alt_sld_fab|alt_sld_fab_alt_sld_fab_sldfabric:sldfabric|sld_jtag_hub:\jtag_hub_gen:real_sld_jtag_hub|jtag_ir_reg[1] ; 3       ;
; Total number of inverted registers = 6                                                                                                                                                                                                                                                                                          ;         ;
+---------------------------------------------------------------------------------------------------------------------------------------------------------------------------------------------------------------------------------------------------------------------------------------------------------------------------------+---------+


+-----------------------------------------------------------------------------------------------------+
; Parameter Settings for User Entity Instance: Keyboard_Reader:U0|Key_Decode:U0|Key_Scan:U0|CLKDIV:U3 ;
+----------------+-------+----------------------------------------------------------------------------+
; Parameter Name ; Value ; Type                                                                       ;
+----------------+-------+----------------------------------------------------------------------------+
; div            ; 2     ; Signed Integer                                                             ;
+----------------+-------+----------------------------------------------------------------------------+
Note: In order to hide this table in the UI and the text report file, please set the "Show Parameter Settings in Synthesis Report" option in "Analysis and Synthesis Settings -> More Settings" to "Off".


+-----------------------------------------------------------------------------------+
; Parameter Settings for User Entity Instance: UsbPort:U1|sld_virtual_jtag:b2v_inst ;
+-------------------------+------------------+--------------------------------------+
; Parameter Name          ; Value            ; Type                                 ;
+-------------------------+------------------+--------------------------------------+
; sld_auto_instance_index ; YES              ; String                               ;
; sld_instance_index      ; 0                ; Signed Integer                       ;
; sld_ir_width            ; 8                ; Signed Integer                       ;
; sld_sim_n_scan          ; 0                ; Signed Integer                       ;
; sld_sim_action          ; UNUSED           ; String                               ;
; sld_sim_total_length    ; 0                ; Signed Integer                       ;
; lpm_type                ; sld_virtual_jtag ; String                               ;
; lpm_hint                ; UNUSED           ; String                               ;
+-------------------------+------------------+--------------------------------------+
Note: In order to hide this table in the UI and the text report file, please set the "Show Parameter Settings in Synthesis Report" option in "Analysis and Synthesis Settings -> More Settings" to "Off".


+----------------------------------------------------------------------------------------------------------------------------+
; Port Connectivity Checks: "UsbPort:U1"                                                                                     ;
+------------------+--------+----------+-------------------------------------------------------------------------------------+
; Port             ; Type   ; Severity ; Details                                                                             ;
+------------------+--------+----------+-------------------------------------------------------------------------------------+
; outputport[7..5] ; Output ; Info     ; Connected to dangling logic. Logic that only feeds a dangling port will be removed. ;
; outputport[3..0] ; Output ; Info     ; Connected to dangling logic. Logic that only feeds a dangling port will be removed. ;
+------------------+--------+----------+-------------------------------------------------------------------------------------+


+-------------------------------------------------------------------------------------------------------------------+
; Port Connectivity Checks: "Keyboard_Reader:U0|Key_Decode:U0|Key_Scan:U0|CLKDIV:U3"                                ;
+---------+--------+----------+-------------------------------------------------------------------------------------+
; Port    ; Type   ; Severity ; Details                                                                             ;
+---------+--------+----------+-------------------------------------------------------------------------------------+
; clk_out ; Output ; Info     ; Connected to dangling logic. Logic that only feeds a dangling port will be removed. ;
+---------+--------+----------+-------------------------------------------------------------------------------------+


+-----------------------------------------------------------------------------------------------------------+
; Port Connectivity Checks: "Keyboard_Reader:U0|Key_Decode:U0|Key_Scan:U0|Counter_KeyScan:U2|REG:U3|FFD:U4" ;
+------+-------+----------+---------------------------------------------------------------------------------+
; Port ; Type  ; Severity ; Details                                                                         ;
+------+-------+----------+---------------------------------------------------------------------------------+
; set  ; Input ; Info     ; Stuck at GND                                                                    ;
+------+-------+----------+---------------------------------------------------------------------------------+


+-----------------------------------------------------------------------------------------------------------+
; Port Connectivity Checks: "Keyboard_Reader:U0|Key_Decode:U0|Key_Scan:U0|Counter_KeyScan:U2|REG:U3|FFD:U3" ;
+------+-------+----------+---------------------------------------------------------------------------------+
; Port ; Type  ; Severity ; Details                                                                         ;
+------+-------+----------+---------------------------------------------------------------------------------+
; set  ; Input ; Info     ; Stuck at GND                                                                    ;
+------+-------+----------+---------------------------------------------------------------------------------+


+-----------------------------------------------------------------------------------------------------------+
; Port Connectivity Checks: "Keyboard_Reader:U0|Key_Decode:U0|Key_Scan:U0|Counter_KeyScan:U2|REG:U3|FFD:U2" ;
+------+-------+----------+---------------------------------------------------------------------------------+
; Port ; Type  ; Severity ; Details                                                                         ;
+------+-------+----------+---------------------------------------------------------------------------------+
; set  ; Input ; Info     ; Stuck at GND                                                                    ;
+------+-------+----------+---------------------------------------------------------------------------------+


+-----------------------------------------------------------------------------------------------------------+
; Port Connectivity Checks: "Keyboard_Reader:U0|Key_Decode:U0|Key_Scan:U0|Counter_KeyScan:U2|REG:U3|FFD:U1" ;
+------+-------+----------+---------------------------------------------------------------------------------+
; Port ; Type  ; Severity ; Details                                                                         ;
+------+-------+----------+---------------------------------------------------------------------------------+
; set  ; Input ; Info     ; Stuck at GND                                                                    ;
+------+-------+----------+---------------------------------------------------------------------------------+


+-------------------------------------------------------------------------------------------------------------------+
; Port Connectivity Checks: "Keyboard_Reader:U0|Key_Decode:U0|Key_Scan:U0|Counter_KeyScan:U2|Somador:U1"            ;
+---------+--------+----------+-------------------------------------------------------------------------------------+
; Port    ; Type   ; Severity ; Details                                                                             ;
+---------+--------+----------+-------------------------------------------------------------------------------------+
; b[3..1] ; Input  ; Info     ; Stuck at GND                                                                        ;
; b[0]    ; Input  ; Info     ; Stuck at VCC                                                                        ;
; cin     ; Input  ; Info     ; Stuck at GND                                                                        ;
; cout    ; Output ; Info     ; Connected to dangling logic. Logic that only feeds a dangling port will be removed. ;
+---------+--------+----------+-------------------------------------------------------------------------------------+


+----------------------------------------------------------------------------------------------------------------+
; Port Connectivity Checks: "Keyboard_Reader:U0|Key_Decode:U0|Key_Scan:U0|Decoder:U0"                            ;
+------+--------+----------+-------------------------------------------------------------------------------------+
; Port ; Type   ; Severity ; Details                                                                             ;
+------+--------+----------+-------------------------------------------------------------------------------------+
; o3   ; Output ; Info     ; Connected to dangling logic. Logic that only feeds a dangling port will be removed. ;
+------+--------+----------+-------------------------------------------------------------------------------------+


+-------------------------------------------------------------------------------------------------------------------------------------------------------------------------+
; Port Connectivity Checks: "Keyboard_Reader:U0|Key_Decode:U0|Key_Scan:U0"                                                                                                ;
+-------+-------+----------+----------------------------------------------------------------------------------------------------------------------------------------------+
; Port  ; Type  ; Severity ; Details                                                                                                                                      ;
+-------+-------+----------+----------------------------------------------------------------------------------------------------------------------------------------------+
; reset ; Input ; Warning  ; Declared by entity but not connected by instance. If a default value exists, it will be used.  Otherwise, the port will be connected to GND. ;
+-------+-------+----------+----------------------------------------------------------------------------------------------------------------------------------------------+


+--------------------------------------------------------------------------------------------------------------------------------------------------------+
; Virtual JTAG Settings                                                                                                                                  ;
+----------------+------------+------------------+----------+---------+-----------------+-------------------------+--------------------------------------+
; Instance Index ; Auto Index ; Index Reassigned ; IR Width ; Address ; USER1 DR length ; VIR capture instruction ; Hierarchy Location                   ;
+----------------+------------+------------------+----------+---------+-----------------+-------------------------+--------------------------------------+
; 0              ; YES        ; N/A              ; 8        ; 0x100   ; 9               ; 0x00B                   ; UsbPort:U1|sld_virtual_jtag:b2v_inst ;
+----------------+------------+------------------+----------+---------+-----------------+-------------------------+--------------------------------------+


+-----------------------------------------------------+
; Post-Synthesis Netlist Statistics for Top Partition ;
+-----------------------+-----------------------------+
; Type                  ; Count                       ;
+-----------------------+-----------------------------+
; boundary_port         ; 54                          ;
; cycloneiii_ff         ; 7                           ;
;     CLR               ; 3                           ;
;     plain             ; 4                           ;
; cycloneiii_lcell_comb ; 20                          ;
;     normal            ; 20                          ;
;         0 data inputs ; 1                           ;
;         1 data inputs ; 6                           ;
;         2 data inputs ; 5                           ;
;         3 data inputs ; 1                           ;
;         4 data inputs ; 7                           ;
;                       ;                             ;
; Max LUT depth         ; 3.00                        ;
; Average LUT depth     ; 1.76                        ;
+-----------------------+-----------------------------+


+-------------------------------+
; Elapsed Time Per Partition    ;
+----------------+--------------+
; Partition Name ; Elapsed Time ;
+----------------+--------------+
; Top            ; 00:00:00     ;
+----------------+--------------+


+-------------------------------+
; Analysis & Synthesis Messages ;
+-------------------------------+
Info: *******************************************************************
Info: Running Quartus Prime Analysis & Synthesis
    Info: Version 20.1.1 Build 720 11/11/2020 SJ Lite Edition
    Info: Processing started: Wed Apr 03 08:29:03 2024
Info: Command: quartus_map --read_settings_files=on --write_settings_files=off SpaceInvaders -c SpaceInvaders
Warning (18236): Number of processors has not been specified which may cause overloading on shared machines.  Set the global assignment NUM_PARALLEL_PROCESSORS in your QSF to an appropriate value for best performance.
Info (20030): Parallel compilation is enabled and will use 4 of the 4 processors detected
Info (12021): Found 2 design units, including 1 entities, in source file ringbuffer_tb.vhd
    Info (12022): Found design unit 1: RingBuffer_TB-behavioral File: C:/Users/fonseca/Documents/GitHub/SpaceInvaders/SpaceInvadersHW/RingBuffer_TB.vhd Line: 7
    Info (12023): Found entity 1: RingBuffer_TB File: C:/Users/fonseca/Documents/GitHub/SpaceInvaders/SpaceInvadersHW/RingBuffer_TB.vhd Line: 4
Info (12021): Found 2 design units, including 1 entities, in source file ringbuffermux_tb.vhd
    Info (12022): Found design unit 1: RingBufferMux_TB-behavioral File: C:/Users/fonseca/Documents/GitHub/SpaceInvaders/SpaceInvadersHW/RingBufferMux_TB.vhd Line: 7
    Info (12023): Found entity 1: RingBufferMux_TB File: C:/Users/fonseca/Documents/GitHub/SpaceInvaders/SpaceInvadersHW/RingBufferMux_TB.vhd Line: 4
Info (12021): Found 2 design units, including 1 entities, in source file ringbuffermux.vhd
    Info (12022): Found design unit 1: RingBufferMux-structural File: C:/Users/fonseca/Documents/GitHub/SpaceInvaders/SpaceInvadersHW/RingBufferMux.vhd Line: 17
    Info (12023): Found entity 1: RingBufferMux File: C:/Users/fonseca/Documents/GitHub/SpaceInvaders/SpaceInvadersHW/RingBufferMux.vhd Line: 4
Info (12021): Found 2 design units, including 1 entities, in source file ringbuffercontrol_tb.vhd
    Info (12022): Found design unit 1: RingBufferControl_TB-behavioral File: C:/Users/fonseca/Documents/GitHub/SpaceInvaders/SpaceInvadersHW/RingBufferControl_TB.vhd Line: 7
    Info (12023): Found entity 1: RingBufferControl_TB File: C:/Users/fonseca/Documents/GitHub/SpaceInvaders/SpaceInvadersHW/RingBufferControl_TB.vhd Line: 4
Info (12021): Found 2 design units, including 1 entities, in source file ringbuffercontrol.vhd
    Info (12022): Found design unit 1: RingBufferControl-behavioral File: C:/Users/fonseca/Documents/GitHub/SpaceInvaders/SpaceInvadersHW/RingBufferControl.vhd Line: 25
    Info (12023): Found entity 1: RingBufferControl File: C:/Users/fonseca/Documents/GitHub/SpaceInvaders/SpaceInvadersHW/RingBufferControl.vhd Line: 4
Info (12021): Found 2 design units, including 1 entities, in source file ringbuffer.vhd
    Info (12022): Found design unit 1: RingBuffer-structural File: C:/Users/fonseca/Documents/GitHub/SpaceInvaders/SpaceInvadersHW/RingBuffer.vhd Line: 21
    Info (12023): Found entity 1: RingBuffer File: C:/Users/fonseca/Documents/GitHub/SpaceInvaders/SpaceInvadersHW/RingBuffer.vhd Line: 4
Info (12021): Found 2 design units, including 1 entities, in source file ram.vhd
    Info (12022): Found design unit 1: RAM-behavioral File: C:/Users/fonseca/Documents/GitHub/SpaceInvaders/SpaceInvadersHW/RAM.vhd Line: 18
    Info (12023): Found entity 1: RAM File: C:/Users/fonseca/Documents/GitHub/SpaceInvaders/SpaceInvadersHW/RAM.vhd Line: 5
Info (12021): Found 2 design units, including 1 entities, in source file memoryaddresscontrol_tb.vhd
    Info (12022): Found design unit 1: MemoryAddressControl_TB-behavioral File: C:/Users/fonseca/Documents/GitHub/SpaceInvaders/SpaceInvadersHW/MemoryAddressControl_TB.vhd Line: 7
    Info (12023): Found entity 1: MemoryAddressControl_TB File: C:/Users/fonseca/Documents/GitHub/SpaceInvaders/SpaceInvadersHW/MemoryAddressControl_TB.vhd Line: 4
Info (12021): Found 2 design units, including 1 entities, in source file memoryaddresscontrol.vhd
    Info (12022): Found design unit 1: MemoryAddressControl-structural File: C:/Users/fonseca/Documents/GitHub/SpaceInvaders/SpaceInvadersHW/MemoryAddressControl.vhd Line: 21
    Info (12023): Found entity 1: MemoryAddressControl File: C:/Users/fonseca/Documents/GitHub/SpaceInvaders/SpaceInvadersHW/MemoryAddressControl.vhd Line: 4
Info (12021): Found 2 design units, including 1 entities, in source file counterbuffer_tb.vhd
    Info (12022): Found design unit 1: CounterBuffer_TB-behavioral File: C:/Users/fonseca/Documents/GitHub/SpaceInvaders/SpaceInvadersHW/CounterBuffer_TB.vhd Line: 7
    Info (12023): Found entity 1: CounterBuffer_TB File: C:/Users/fonseca/Documents/GitHub/SpaceInvaders/SpaceInvadersHW/CounterBuffer_TB.vhd Line: 4
Info (12021): Found 2 design units, including 1 entities, in source file counterbuffer.vhd
    Info (12022): Found design unit 1: CounterBuffer-behavioral File: C:/Users/fonseca/Documents/GitHub/SpaceInvaders/SpaceInvadersHW/CounterBuffer.vhd Line: 19
    Info (12023): Found entity 1: CounterBuffer File: C:/Users/fonseca/Documents/GitHub/SpaceInvaders/SpaceInvadersHW/CounterBuffer.vhd Line: 5
Info (12021): Found 2 design units, including 1 entities, in source file outputregister_tb.vhd
    Info (12022): Found design unit 1: OutputRegister_TB-behavioral File: C:/Users/fonseca/Documents/GitHub/SpaceInvaders/SpaceInvadersHW/OutputRegister_TB.vhd Line: 7
    Info (12023): Found entity 1: OutputRegister_TB File: C:/Users/fonseca/Documents/GitHub/SpaceInvaders/SpaceInvadersHW/OutputRegister_TB.vhd Line: 4
Info (12021): Found 2 design units, including 1 entities, in source file outputbuffer_tb.vhd
    Info (12022): Found design unit 1: OutputBuffer_TB-behavioral File: C:/Users/fonseca/Documents/GitHub/SpaceInvaders/SpaceInvadersHW/OutputBuffer_TB.vhd Line: 7
    Info (12023): Found entity 1: OutputBuffer_TB File: C:/Users/fonseca/Documents/GitHub/SpaceInvaders/SpaceInvadersHW/OutputBuffer_TB.vhd Line: 4
Info (12021): Found 2 design units, including 1 entities, in source file buffercontrol_tb.vhd
    Info (12022): Found design unit 1: BufferControl_TB-behavioral File: C:/Users/fonseca/Documents/GitHub/SpaceInvaders/SpaceInvadersHW/BufferControl_TB.vhd Line: 7
    Info (12023): Found entity 1: BufferControl_TB File: C:/Users/fonseca/Documents/GitHub/SpaceInvaders/SpaceInvadersHW/BufferControl_TB.vhd Line: 4
Info (12021): Found 2 design units, including 1 entities, in source file outputregister.vhd
    Info (12022): Found design unit 1: OutputRegister-behavioral File: C:/Users/fonseca/Documents/GitHub/SpaceInvaders/SpaceInvadersHW/OutputRegister.vhd Line: 18
    Info (12023): Found entity 1: OutputRegister File: C:/Users/fonseca/Documents/GitHub/SpaceInvaders/SpaceInvadersHW/OutputRegister.vhd Line: 4
Info (12021): Found 2 design units, including 1 entities, in source file outputbuffer.vhd
    Info (12022): Found design unit 1: OutputBuffer-structural File: C:/Users/fonseca/Documents/GitHub/SpaceInvaders/SpaceInvadersHW/OutputBuffer.vhd Line: 21
    Info (12023): Found entity 1: OutputBuffer File: C:/Users/fonseca/Documents/GitHub/SpaceInvaders/SpaceInvadersHW/OutputBuffer.vhd Line: 4
Info (12021): Found 2 design units, including 1 entities, in source file buffercontrol.vhd
    Info (12022): Found design unit 1: BufferControl-behavioral File: C:/Users/fonseca/Documents/GitHub/SpaceInvaders/SpaceInvadersHW/BufferControl.vhd Line: 21
    Info (12023): Found entity 1: BufferControl File: C:/Users/fonseca/Documents/GitHub/SpaceInvaders/SpaceInvadersHW/BufferControl.vhd Line: 4
Info (12021): Found 2 design units, including 1 entities, in source file usbport.vhd
    Info (12022): Found design unit 1: UsbPort-bdf_type File: C:/Users/fonseca/Documents/GitHub/SpaceInvaders/SpaceInvadersHW/UsbPort.vhd Line: 33
    Info (12023): Found entity 1: UsbPort File: C:/Users/fonseca/Documents/GitHub/SpaceInvaders/SpaceInvadersHW/UsbPort.vhd Line: 25
Info (12021): Found 2 design units, including 1 entities, in source file key_scan_tb.vhd
    Info (12022): Found design unit 1: Key_Scan_tb-behavioral File: C:/Users/fonseca/Documents/GitHub/SpaceInvaders/SpaceInvadersHW/Key_Scan_tb.vhd Line: 7
    Info (12023): Found entity 1: Key_Scan_tb File: C:/Users/fonseca/Documents/GitHub/SpaceInvaders/SpaceInvadersHW/Key_Scan_tb.vhd Line: 4
Info (12021): Found 2 design units, including 1 entities, in source file key_decode_tb.vhd
    Info (12022): Found design unit 1: Key_Decode_tb-behavioral File: C:/Users/fonseca/Documents/GitHub/SpaceInvaders/SpaceInvadersHW/Key_Decode_tb.vhd Line: 7
    Info (12023): Found entity 1: Key_Decode_tb File: C:/Users/fonseca/Documents/GitHub/SpaceInvaders/SpaceInvadersHW/Key_Decode_tb.vhd Line: 4
Info (12021): Found 2 design units, including 1 entities, in source file keycontrol_tb.vhd
    Info (12022): Found design unit 1: KeyControl_tb-behavioral File: C:/Users/fonseca/Documents/GitHub/SpaceInvaders/SpaceInvadersHW/KeyControl_tb.vhd Line: 7
    Info (12023): Found entity 1: KeyControl_tb File: C:/Users/fonseca/Documents/GitHub/SpaceInvaders/SpaceInvadersHW/KeyControl_tb.vhd Line: 4
Info (12021): Found 2 design units, including 1 entities, in source file ffd.vhd
    Info (12022): Found design unit 1: FFD-logicFunction File: C:/Users/fonseca/Documents/GitHub/SpaceInvaders/SpaceInvadersHW/FFD.vhd Line: 16
    Info (12023): Found entity 1: FFD File: C:/Users/fonseca/Documents/GitHub/SpaceInvaders/SpaceInvadersHW/FFD.vhd Line: 4
Info (12021): Found 2 design units, including 1 entities, in source file fa.vhd
    Info (12022): Found design unit 1: FA-LogicFunction File: C:/Users/fonseca/Documents/GitHub/SpaceInvaders/SpaceInvadersHW/FA.vhd Line: 16
    Info (12023): Found entity 1: FA File: C:/Users/fonseca/Documents/GitHub/SpaceInvaders/SpaceInvadersHW/FA.vhd Line: 3
Info (12021): Found 2 design units, including 1 entities, in source file somador.vhd
    Info (12022): Found design unit 1: Somador-structural File: C:/Users/fonseca/Documents/GitHub/SpaceInvaders/SpaceInvadersHW/Somador.vhd Line: 15
    Info (12023): Found entity 1: Somador File: C:/Users/fonseca/Documents/GitHub/SpaceInvaders/SpaceInvadersHW/Somador.vhd Line: 3
Info (12021): Found 2 design units, including 1 entities, in source file decoder.vhd
    Info (12022): Found design unit 1: Decoder-LogicFunction File: C:/Users/fonseca/Documents/GitHub/SpaceInvaders/SpaceInvadersHW/Decoder.vhd Line: 10
    Info (12023): Found entity 1: Decoder File: C:/Users/fonseca/Documents/GitHub/SpaceInvaders/SpaceInvadersHW/Decoder.vhd Line: 3
Info (12021): Found 2 design units, including 1 entities, in source file reg.vhd
    Info (12022): Found design unit 1: REG-Structure File: C:/Users/fonseca/Documents/GitHub/SpaceInvaders/SpaceInvadersHW/REG.vhd Line: 15
    Info (12023): Found entity 1: REG File: C:/Users/fonseca/Documents/GitHub/SpaceInvaders/SpaceInvadersHW/REG.vhd Line: 4
Info (12021): Found 2 design units, including 1 entities, in source file key_decode.vhd
    Info (12022): Found design unit 1: Key_Decode-Structure File: C:/Users/fonseca/Documents/GitHub/SpaceInvaders/SpaceInvadersHW/Key_Decode.vhd Line: 17
    Info (12023): Found entity 1: Key_Decode File: C:/Users/fonseca/Documents/GitHub/SpaceInvaders/SpaceInvadersHW/Key_Decode.vhd Line: 4
Info (12021): Found 2 design units, including 1 entities, in source file key_scan.vhd
    Info (12022): Found design unit 1: Key_Scan-Structure File: C:/Users/fonseca/Documents/GitHub/SpaceInvaders/SpaceInvadersHW/Key_Scan.vhd Line: 15
    Info (12023): Found entity 1: Key_Scan File: C:/Users/fonseca/Documents/GitHub/SpaceInvaders/SpaceInvadersHW/Key_Scan.vhd Line: 3
Info (12021): Found 2 design units, including 1 entities, in source file key_control.vhd
    Info (12022): Found design unit 1: Key_Control-behavorial File: C:/Users/fonseca/Documents/GitHub/SpaceInvaders/SpaceInvadersHW/Key_Control.vhd Line: 15
    Info (12023): Found entity 1: Key_Control File: C:/Users/fonseca/Documents/GitHub/SpaceInvaders/SpaceInvadersHW/Key_Control.vhd Line: 3
Warning (12090): Entity "Mux" obtained from "MUX.vhd" instead of from Quartus Prime megafunction library File: C:/Users/fonseca/Documents/GitHub/SpaceInvaders/SpaceInvadersHW/MUX.vhd Line: 3
Info (12021): Found 2 design units, including 1 entities, in source file mux.vhd
    Info (12022): Found design unit 1: Mux-LogicFunction File: C:/Users/fonseca/Documents/GitHub/SpaceInvaders/SpaceInvadersHW/MUX.vhd Line: 11
    Info (12023): Found entity 1: Mux File: C:/Users/fonseca/Documents/GitHub/SpaceInvaders/SpaceInvadersHW/MUX.vhd Line: 3
Info (12021): Found 2 design units, including 1 entities, in source file counter_keyscan.vhd
    Info (12022): Found design unit 1: Counter_KeyScan-Structure File: C:/Users/fonseca/Documents/GitHub/SpaceInvaders/SpaceInvadersHW/Counter_KeyScan.vhd Line: 12
    Info (12023): Found entity 1: Counter_KeyScan File: C:/Users/fonseca/Documents/GitHub/SpaceInvaders/SpaceInvadersHW/Counter_KeyScan.vhd Line: 3
Info (12021): Found 2 design units, including 1 entities, in source file clkdiv.vhd
    Info (12022): Found design unit 1: CLKDIV-bhv File: C:/Users/fonseca/Documents/GitHub/SpaceInvaders/SpaceInvadersHW/CLKDIV.vhd Line: 11
    Info (12023): Found entity 1: CLKDIV File: C:/Users/fonseca/Documents/GitHub/SpaceInvaders/SpaceInvadersHW/CLKDIV.vhd Line: 5
Info (12021): Found 2 design units, including 1 entities, in source file keyboard_reader.vhd
    Info (12022): Found design unit 1: Keyboard_Reader-Structure File: C:/Users/fonseca/Documents/GitHub/SpaceInvaders/SpaceInvadersHW/Keyboard_Reader.vhd Line: 17
    Info (12023): Found entity 1: Keyboard_Reader File: C:/Users/fonseca/Documents/GitHub/SpaceInvaders/SpaceInvadersHW/Keyboard_Reader.vhd Line: 4
Info (12021): Found 2 design units, including 1 entities, in source file spaceinvaders.vhd
    Info (12022): Found design unit 1: SpaceInvaders-Structure File: C:/Users/fonseca/Documents/GitHub/SpaceInvaders/SpaceInvadersHW/SpaceInvaders.vhd Line: 16
    Info (12023): Found entity 1: SpaceInvaders File: C:/Users/fonseca/Documents/GitHub/SpaceInvaders/SpaceInvadersHW/SpaceInvaders.vhd Line: 4
Info (12127): Elaborating entity "SpaceInvaders" for the top level hierarchy
Warning (10541): VHDL Signal Declaration warning at SpaceInvaders.vhd(11): used implicit default value for signal "Dval" because signal was never assigned a value or an explicit default value. Use of implicit default value may introduce unintended design optimizations. File: C:/Users/fonseca/Documents/GitHub/SpaceInvaders/SpaceInvadersHW/SpaceInvaders.vhd Line: 11
Warning (10541): VHDL Signal Declaration warning at SpaceInvaders.vhd(12): used implicit default value for signal "ds" because signal was never assigned a value or an explicit default value. Use of implicit default value may introduce unintended design optimizations. File: C:/Users/fonseca/Documents/GitHub/SpaceInvaders/SpaceInvadersHW/SpaceInvaders.vhd Line: 12
Critical Warning (10920): VHDL Incomplete Partial Association warning at SpaceInvaders.vhd(47): port or argument "inputPort" has 3/8 unassociated elements File: C:/Users/fonseca/Documents/GitHub/SpaceInvaders/SpaceInvadersHW/SpaceInvaders.vhd Line: 47
Info (12128): Elaborating entity "Keyboard_Reader" for hierarchy "Keyboard_Reader:U0" File: C:/Users/fonseca/Documents/GitHub/SpaceInvaders/SpaceInvadersHW/SpaceInvaders.vhd Line: 46
Info (12128): Elaborating entity "Key_Decode" for hierarchy "Keyboard_Reader:U0|Key_Decode:U0" File: C:/Users/fonseca/Documents/GitHub/SpaceInvaders/SpaceInvadersHW/Keyboard_Reader.vhd Line: 33
Info (12128): Elaborating entity "Key_Scan" for hierarchy "Keyboard_Reader:U0|Key_Decode:U0|Key_Scan:U0" File: C:/Users/fonseca/Documents/GitHub/SpaceInvaders/SpaceInvadersHW/Key_Decode.vhd Line: 47
Warning (10036): Verilog HDL or VHDL warning at Key_Scan.vhd(50): object "clk_signal" assigned a value but never read File: C:/Users/fonseca/Documents/GitHub/SpaceInvaders/SpaceInvadersHW/Key_Scan.vhd Line: 50
Info (12128): Elaborating entity "Decoder" for hierarchy "Keyboard_Reader:U0|Key_Decode:U0|Key_Scan:U0|Decoder:U0" File: C:/Users/fonseca/Documents/GitHub/SpaceInvaders/SpaceInvadersHW/Key_Scan.vhd Line: 53
Info (12128): Elaborating entity "Mux" for hierarchy "Keyboard_Reader:U0|Key_Decode:U0|Key_Scan:U0|Mux:U1" File: C:/Users/fonseca/Documents/GitHub/SpaceInvaders/SpaceInvadersHW/Key_Scan.vhd Line: 54
Info (12128): Elaborating entity "Counter_KeyScan" for hierarchy "Keyboard_Reader:U0|Key_Decode:U0|Key_Scan:U0|Counter_KeyScan:U2" File: C:/Users/fonseca/Documents/GitHub/SpaceInvaders/SpaceInvadersHW/Key_Scan.vhd Line: 55
Info (12128): Elaborating entity "Somador" for hierarchy "Keyboard_Reader:U0|Key_Decode:U0|Key_Scan:U0|Counter_KeyScan:U2|Somador:U1" File: C:/Users/fonseca/Documents/GitHub/SpaceInvaders/SpaceInvadersHW/Counter_KeyScan.vhd Line: 41
Info (12128): Elaborating entity "FA" for hierarchy "Keyboard_Reader:U0|Key_Decode:U0|Key_Scan:U0|Counter_KeyScan:U2|Somador:U1|FA:U1" File: C:/Users/fonseca/Documents/GitHub/SpaceInvaders/SpaceInvadersHW/Somador.vhd Line: 34
Info (12128): Elaborating entity "REG" for hierarchy "Keyboard_Reader:U0|Key_Decode:U0|Key_Scan:U0|Counter_KeyScan:U2|REG:U3" File: C:/Users/fonseca/Documents/GitHub/SpaceInvaders/SpaceInvadersHW/Counter_KeyScan.vhd Line: 42
Info (12128): Elaborating entity "FFD" for hierarchy "Keyboard_Reader:U0|Key_Decode:U0|Key_Scan:U0|Counter_KeyScan:U2|REG:U3|FFD:U1" File: C:/Users/fonseca/Documents/GitHub/SpaceInvaders/SpaceInvadersHW/REG.vhd Line: 30
Info (12128): Elaborating entity "CLKDIV" for hierarchy "Keyboard_Reader:U0|Key_Decode:U0|Key_Scan:U0|CLKDIV:U3" File: C:/Users/fonseca/Documents/GitHub/SpaceInvaders/SpaceInvadersHW/Key_Scan.vhd Line: 56
Info (12128): Elaborating entity "Key_Control" for hierarchy "Keyboard_Reader:U0|Key_Decode:U0|Key_Control:U1" File: C:/Users/fonseca/Documents/GitHub/SpaceInvaders/SpaceInvadersHW/Key_Decode.vhd Line: 52
Info (12128): Elaborating entity "UsbPort" for hierarchy "UsbPort:U1" File: C:/Users/fonseca/Documents/GitHub/SpaceInvaders/SpaceInvadersHW/SpaceInvaders.vhd Line: 47
Info (12128): Elaborating entity "sld_virtual_jtag" for hierarchy "UsbPort:U1|sld_virtual_jtag:b2v_inst" File: C:/Users/fonseca/Documents/GitHub/SpaceInvaders/SpaceInvadersHW/UsbPort.vhd Line: 80
Info (12130): Elaborated megafunction instantiation "UsbPort:U1|sld_virtual_jtag:b2v_inst" File: C:/Users/fonseca/Documents/GitHub/SpaceInvaders/SpaceInvadersHW/UsbPort.vhd Line: 80
Info (12133): Instantiated megafunction "UsbPort:U1|sld_virtual_jtag:b2v_inst" with the following parameter: File: C:/Users/fonseca/Documents/GitHub/SpaceInvaders/SpaceInvadersHW/UsbPort.vhd Line: 80
    Info (12134): Parameter "lpm_type" = "sld_virtual_jtag"
    Info (12134): Parameter "sld_auto_instance_index" = "YES"
    Info (12134): Parameter "sld_instance_index" = "0"
    Info (12134): Parameter "sld_ir_width" = "8"
    Info (12134): Parameter "sld_sim_action" = "UNUSED"
    Info (12134): Parameter "sld_sim_n_scan" = "0"
    Info (12134): Parameter "sld_sim_total_length" = "0"
Info (12128): Elaborating entity "sld_virtual_jtag_basic" for hierarchy "UsbPort:U1|sld_virtual_jtag:b2v_inst|sld_virtual_jtag_basic:sld_virtual_jtag_basic_inst" File: c:/quartusprime/quartus/libraries/megafunctions/sld_virtual_jtag.v Line: 152
Info (12131): Elaborated megafunction instantiation "UsbPort:U1|sld_virtual_jtag:b2v_inst|sld_virtual_jtag_basic:sld_virtual_jtag_basic_inst", which is child of megafunction instantiation "UsbPort:U1|sld_virtual_jtag:b2v_inst" File: c:/quartusprime/quartus/libraries/megafunctions/sld_virtual_jtag.v Line: 152
Info (12128): Elaborating entity "sld_virtual_jtag_impl" for hierarchy "UsbPort:U1|sld_virtual_jtag:b2v_inst|sld_virtual_jtag_basic:sld_virtual_jtag_basic_inst|sld_virtual_jtag_impl:sld_virtual_jtag_impl_inst" File: c:/quartusprime/quartus/libraries/megafunctions/sld_virtual_jtag_basic.v Line: 152
Info (12131): Elaborated megafunction instantiation "UsbPort:U1|sld_virtual_jtag:b2v_inst|sld_virtual_jtag_basic:sld_virtual_jtag_basic_inst|sld_virtual_jtag_impl:sld_virtual_jtag_impl_inst", which is child of megafunction instantiation "UsbPort:U1|sld_virtual_jtag:b2v_inst" File: c:/quartusprime/quartus/libraries/megafunctions/sld_virtual_jtag_basic.v Line: 152
Info (12128): Elaborating entity "sld_jtag_endpoint_adapter" for hierarchy "UsbPort:U1|sld_virtual_jtag:b2v_inst|sld_virtual_jtag_basic:sld_virtual_jtag_basic_inst|sld_virtual_jtag_impl:sld_virtual_jtag_impl_inst|sld_jtag_endpoint_adapter:jtag_signal_adapter" File: c:/quartusprime/quartus/libraries/megafunctions/sld_virtual_jtag_basic.v Line: 415
Info (12128): Elaborating entity "sld_jtag_endpoint_adapter_impl" for hierarchy "UsbPort:U1|sld_virtual_jtag:b2v_inst|sld_virtual_jtag_basic:sld_virtual_jtag_basic_inst|sld_virtual_jtag_impl:sld_virtual_jtag_impl_inst|sld_jtag_endpoint_adapter:jtag_signal_adapter|sld_jtag_endpoint_adapter_impl:sld_jtag_endpoint_adapter_impl_inst" File: c:/quartusprime/quartus/libraries/megafunctions/sld_jtag_endpoint_adapter.vhd Line: 232
Info (11170): Starting IP generation for the debug fabric: alt_sld_fab.
Info (11172): 2024.04.03.08:29:13 Progress: Loading sld25a986d0/alt_sld_fab_wrapper_hw.tcl
Info (11172): Alt_sld_fab.alt_sld_fab: SLD fabric agents which did not specify prefer_host were connected to JTAG
Info (11172): Alt_sld_fab: Generating alt_sld_fab "alt_sld_fab" for QUARTUS_SYNTH
Info (11172): Alt_sld_fab: "alt_sld_fab" instantiated alt_sld_fab "alt_sld_fab"
Info (11172): Presplit: "alt_sld_fab" instantiated altera_super_splitter "presplit"
Info (11172): Splitter: "alt_sld_fab" instantiated altera_sld_splitter "splitter"
Info (11172): Sldfabric: "alt_sld_fab" instantiated altera_sld_jtag_hub "sldfabric"
Info (11172): Ident: "alt_sld_fab" instantiated altera_connection_identification_hub "ident"
Info (11172): Alt_sld_fab: Done "alt_sld_fab" with 6 modules, 6 files
Info (11171): Finished IP generation for the debug fabric: alt_sld_fab.
Info (12021): Found 1 design units, including 1 entities, in source file db/ip/sld25a986d0/alt_sld_fab.v
    Info (12023): Found entity 1: alt_sld_fab File: C:/Users/fonseca/Documents/GitHub/SpaceInvaders/SpaceInvadersHW/db/ip/sld25a986d0/alt_sld_fab.v Line: 9
Info (12021): Found 1 design units, including 1 entities, in source file db/ip/sld25a986d0/submodules/alt_sld_fab_alt_sld_fab.v
    Info (12023): Found entity 1: alt_sld_fab_alt_sld_fab File: C:/Users/fonseca/Documents/GitHub/SpaceInvaders/SpaceInvadersHW/db/ip/sld25a986d0/submodules/alt_sld_fab_alt_sld_fab.v Line: 9
Info (12021): Found 1 design units, including 1 entities, in source file db/ip/sld25a986d0/submodules/alt_sld_fab_alt_sld_fab_ident.sv
    Info (12023): Found entity 1: alt_sld_fab_alt_sld_fab_ident File: C:/Users/fonseca/Documents/GitHub/SpaceInvaders/SpaceInvadersHW/db/ip/sld25a986d0/submodules/alt_sld_fab_alt_sld_fab_ident.sv Line: 33
Info (12021): Found 1 design units, including 1 entities, in source file db/ip/sld25a986d0/submodules/alt_sld_fab_alt_sld_fab_presplit.sv
    Info (12023): Found entity 1: alt_sld_fab_alt_sld_fab_presplit File: C:/Users/fonseca/Documents/GitHub/SpaceInvaders/SpaceInvadersHW/db/ip/sld25a986d0/submodules/alt_sld_fab_alt_sld_fab_presplit.sv Line: 3
Info (12021): Found 2 design units, including 1 entities, in source file db/ip/sld25a986d0/submodules/alt_sld_fab_alt_sld_fab_sldfabric.vhd
    Info (12022): Found design unit 1: alt_sld_fab_alt_sld_fab_sldfabric-rtl File: C:/Users/fonseca/Documents/GitHub/SpaceInvaders/SpaceInvadersHW/db/ip/sld25a986d0/submodules/alt_sld_fab_alt_sld_fab_sldfabric.vhd Line: 102
    Info (12023): Found entity 1: alt_sld_fab_alt_sld_fab_sldfabric File: C:/Users/fonseca/Documents/GitHub/SpaceInvaders/SpaceInvadersHW/db/ip/sld25a986d0/submodules/alt_sld_fab_alt_sld_fab_sldfabric.vhd Line: 11
Info (12021): Found 1 design units, including 1 entities, in source file db/ip/sld25a986d0/submodules/alt_sld_fab_alt_sld_fab_splitter.sv
    Info (12023): Found entity 1: alt_sld_fab_alt_sld_fab_splitter File: C:/Users/fonseca/Documents/GitHub/SpaceInvaders/SpaceInvadersHW/db/ip/sld25a986d0/submodules/alt_sld_fab_alt_sld_fab_splitter.sv Line: 3
Warning (12241): 1 hierarchies have connectivity warnings - see the Connectivity Checks report folder
Warning (13024): Output pins are stuck at VCC or GND
    Warning (13410): Pin "Dval" is stuck at GND File: C:/Users/fonseca/Documents/GitHub/SpaceInvaders/SpaceInvadersHW/SpaceInvaders.vhd Line: 11
    Warning (13410): Pin "ds[0]" is stuck at GND File: C:/Users/fonseca/Documents/GitHub/SpaceInvaders/SpaceInvadersHW/SpaceInvaders.vhd Line: 12
    Warning (13410): Pin "ds[1]" is stuck at GND File: C:/Users/fonseca/Documents/GitHub/SpaceInvaders/SpaceInvadersHW/SpaceInvaders.vhd Line: 12
    Warning (13410): Pin "ds[2]" is stuck at GND File: C:/Users/fonseca/Documents/GitHub/SpaceInvaders/SpaceInvadersHW/SpaceInvaders.vhd Line: 12
    Warning (13410): Pin "ds[3]" is stuck at GND File: C:/Users/fonseca/Documents/GitHub/SpaceInvaders/SpaceInvadersHW/SpaceInvaders.vhd Line: 12
Info (286031): Timing-Driven Synthesis is running on partition "Top"
Info (16010): Generating hard_block partition "hard_block:auto_generated_inst"
    Info (16011): Adding 0 node(s), including 0 DDIO, 0 PLL, 0 transceiver and 0 LCELL
Warning (21074): Design contains 1 input pin(s) that do not drive logic
    Warning (15610): No output dependent on input pin "ack" File: C:/Users/fonseca/Documents/GitHub/SpaceInvaders/SpaceInvadersHW/SpaceInvaders.vhd Line: 8
Info (21057): Implemented 191 device resources after synthesis - the final resource count might be different
    Info (21058): Implemented 10 input pins
    Info (21059): Implemented 9 output pins
    Info (21061): Implemented 171 logic cells
Info: Quartus Prime Analysis & Synthesis was successful. 0 errors, 15 warnings
    Info: Peak virtual memory: 4799 megabytes
    Info: Processing ended: Wed Apr 03 08:29:20 2024
    Info: Elapsed time: 00:00:17
    Info: Total CPU time (on all processors): 00:00:24


