Flow report for SpaceInvaders
Wed Mar 20 10:11:03 2024
Quartus Prime Version 20.1.1 Build 720 11/11/2020 SJ Lite Edition


---------------------
; Table of Contents ;
---------------------
  1. Legal Notice
  2. Flow Summary
  3. Flow Settings
  4. Flow Non-Default Global Settings
  5. Flow Elapsed Time
  6. Flow OS Summary
  7. Flow Log
  8. Flow Messages
  9. Flow Suppressed Messages



----------------
; Legal Notice ;
----------------
Copyright (C) 2020  Intel Corporation. All rights reserved.
Your use of Intel Corporation's design tools, logic functions 
and other software and tools, and any partner logic 
functions, and any output files from any of the foregoing 
(including device programming or simulation files), and any 
associated documentation or information are expressly subject 
to the terms and conditions of the Intel Program License 
Subscription Agreement, the Intel Quartus Prime License Agreement,
the Intel FPGA IP License Agreement, or other applicable license
agreement, including, without limitation, that your use is for
the sole purpose of programming logic devices manufactured by
Intel and sold by Intel or its authorized distributors.  Please
refer to the applicable agreement for further details, at
https://fpgasoftware.intel.com/eula.



+----------------------------------------------------------------------------------+
; Flow Summary                                                                     ;
+------------------------------------+---------------------------------------------+
; Flow Status                        ; Successful - Wed Mar 20 10:11:03 2024       ;
; Quartus Prime Version              ; 20.1.1 Build 720 11/11/2020 SJ Lite Edition ;
; Revision Name                      ; SpaceInvaders                               ;
; Top-level Entity Name              ; SpaceInvaders                               ;
; Family                             ; MAX 10                                      ;
; Device                             ; 10M50DAF484C6GES                            ;
; Timing Models                      ; Preliminary                                 ;
; Total logic elements               ; 163 / 49,760 ( < 1 % )                      ;
;     Total combinational functions  ; 144 / 49,760 ( < 1 % )                      ;
;     Dedicated logic registers      ; 93 / 49,760 ( < 1 % )                       ;
; Total registers                    ; 93                                          ;
; Total pins                         ; 15 / 360 ( 4 % )                            ;
; Total virtual pins                 ; 0                                           ;
; Total memory bits                  ; 0 / 1,677,312 ( 0 % )                       ;
; Embedded Multiplier 9-bit elements ; 0 / 288 ( 0 % )                             ;
; Total PLLs                         ; 0 / 4 ( 0 % )                               ;
; UFM blocks                         ; 0 / 1 ( 0 % )                               ;
; ADC blocks                         ; 0 / 2 ( 0 % )                               ;
+------------------------------------+---------------------------------------------+


+-----------------------------------------+
; Flow Settings                           ;
+-------------------+---------------------+
; Option            ; Setting             ;
+-------------------+---------------------+
; Start date & time ; 03/20/2024 10:10:30 ;
; Main task         ; Compilation         ;
; Revision Name     ; SpaceInvaders       ;
+-------------------+---------------------+


+-------------------------------------------------------------------------------------------------------------------------------------------------+
; Flow Non-Default Global Settings                                                                                                                ;
+--------------------------------------+----------------------------------------+---------------+-------------+-----------------------------------+
; Assignment Name                      ; Value                                  ; Default Value ; Entity Name ; Section Id                        ;
+--------------------------------------+----------------------------------------+---------------+-------------+-----------------------------------+
; COMPILER_SIGNATURE_ID                ; 92966081917446.171092943012772         ; --            ; --          ; --                                ;
; EDA_DESIGN_INSTANCE_NAME             ; NA                                     ; --            ; --          ; Key_Decode_tb                     ;
; EDA_DESIGN_INSTANCE_NAME             ; NA                                     ; --            ; --          ; KeyControl_tb                     ;
; EDA_DESIGN_INSTANCE_NAME             ; NA                                     ; --            ; --          ; Key_Scan_tb                       ;
; EDA_GENERATE_FUNCTIONAL_NETLIST      ; Off                                    ; --            ; --          ; eda_board_design_timing           ;
; EDA_GENERATE_FUNCTIONAL_NETLIST      ; Off                                    ; --            ; --          ; eda_board_design_boundary_scan    ;
; EDA_GENERATE_FUNCTIONAL_NETLIST      ; Off                                    ; --            ; --          ; eda_board_design_signal_integrity ;
; EDA_GENERATE_FUNCTIONAL_NETLIST      ; Off                                    ; --            ; --          ; eda_board_design_symbol           ;
; EDA_NATIVELINK_SIMULATION_TEST_BENCH ; Key_Decode_tb                          ; --            ; --          ; eda_simulation                    ;
; EDA_OUTPUT_DATA_FORMAT               ; Vhdl                                   ; --            ; --          ; eda_simulation                    ;
; EDA_RUN_TOOL_AUTOMATICALLY           ; On                                     ; --            ; --          ; eda_simulation                    ;
; EDA_SIMULATION_TOOL                  ; ModelSim-Altera (VHDL)                 ; <None>        ; --          ; --                                ;
; EDA_TEST_BENCH_ENABLE_STATUS         ; TEST_BENCH_MODE                        ; --            ; --          ; eda_simulation                    ;
; EDA_TEST_BENCH_FILE                  ; Key_Decode_tb.vhd                      ; --            ; --          ; Key_Decode_tb                     ;
; EDA_TEST_BENCH_FILE                  ; KeyControl_tb.vhd                      ; --            ; --          ; KeyControl_tb                     ;
; EDA_TEST_BENCH_FILE                  ; Key_Scan_tb.vhd                        ; --            ; --          ; Key_Scan_tb                       ;
; EDA_TEST_BENCH_MODULE_NAME           ; Key_Decode_tb                          ; --            ; --          ; Key_Decode_tb                     ;
; EDA_TEST_BENCH_MODULE_NAME           ; KeyControl_tb                          ; --            ; --          ; KeyControl_tb                     ;
; EDA_TEST_BENCH_MODULE_NAME           ; Key_Scan_tb                            ; --            ; --          ; Key_Scan_tb                       ;
; EDA_TEST_BENCH_NAME                  ; Key_Scan_tb                            ; --            ; --          ; eda_simulation                    ;
; EDA_TEST_BENCH_NAME                  ; KeyControl_tb                          ; --            ; --          ; eda_simulation                    ;
; EDA_TEST_BENCH_NAME                  ; Key_Decode_tb                          ; --            ; --          ; eda_simulation                    ;
; EDA_TIME_SCALE                       ; 1 ps                                   ; --            ; --          ; eda_simulation                    ;
; MAX_CORE_JUNCTION_TEMP               ; 85                                     ; --            ; --          ; --                                ;
; MIN_CORE_JUNCTION_TEMP               ; 0                                      ; --            ; --          ; --                                ;
; PARTITION_COLOR                      ; -- (Not supported for targeted family) ; --            ; --          ; Top                               ;
; PARTITION_FITTER_PRESERVATION_LEVEL  ; -- (Not supported for targeted family) ; --            ; --          ; Top                               ;
; PARTITION_NETLIST_TYPE               ; -- (Not supported for targeted family) ; --            ; --          ; Top                               ;
; POWER_BOARD_THERMAL_MODEL            ; None (CONSERVATIVE)                    ; --            ; --          ; --                                ;
; POWER_PRESET_COOLING_SOLUTION        ; 23 MM HEAT SINK WITH 200 LFPM AIRFLOW  ; --            ; --          ; --                                ;
; PROJECT_OUTPUT_DIRECTORY             ; output_files                           ; --            ; --          ; --                                ;
+--------------------------------------+----------------------------------------+---------------+-------------+-----------------------------------+


+--------------------------------------------------------------------------------------------------------------------------+
; Flow Elapsed Time                                                                                                        ;
+----------------------+--------------+-------------------------+---------------------+------------------------------------+
; Module Name          ; Elapsed Time ; Average Processors Used ; Peak Virtual Memory ; Total CPU Time (on all processors) ;
+----------------------+--------------+-------------------------+---------------------+------------------------------------+
; Analysis & Synthesis ; 00:00:17     ; 1.0                     ; 4799 MB             ; 00:00:20                           ;
; Fitter               ; 00:00:06     ; 1.0                     ; 5644 MB             ; 00:00:05                           ;
; Assembler            ; 00:00:03     ; 1.0                     ; 4699 MB             ; 00:00:02                           ;
; Timing Analyzer      ; 00:00:01     ; 1.1                     ; 4823 MB             ; 00:00:01                           ;
; EDA Netlist Writer   ; 00:00:02     ; 1.0                     ; 4644 MB             ; 00:00:01                           ;
; Total                ; 00:00:29     ; --                      ; --                  ; 00:00:29                           ;
+----------------------+--------------+-------------------------+---------------------+------------------------------------+


+------------------------------------------------------------------------------------+
; Flow OS Summary                                                                    ;
+----------------------+------------------+------------+------------+----------------+
; Module Name          ; Machine Hostname ; OS Name    ; OS Version ; Processor type ;
+----------------------+------------------+------------+------------+----------------+
; Analysis & Synthesis ; Fonseca-Laptop   ; Windows 10 ; 10.0       ; x86_64         ;
; Fitter               ; Fonseca-Laptop   ; Windows 10 ; 10.0       ; x86_64         ;
; Assembler            ; Fonseca-Laptop   ; Windows 10 ; 10.0       ; x86_64         ;
; Timing Analyzer      ; Fonseca-Laptop   ; Windows 10 ; 10.0       ; x86_64         ;
; EDA Netlist Writer   ; Fonseca-Laptop   ; Windows 10 ; 10.0       ; x86_64         ;
+----------------------+------------------+------------+------------+----------------+


------------
; Flow Log ;
------------
quartus_map --read_settings_files=on --write_settings_files=off SpaceInvaders -c SpaceInvaders
quartus_fit --read_settings_files=off --write_settings_files=off SpaceInvaders -c SpaceInvaders
quartus_asm --read_settings_files=off --write_settings_files=off SpaceInvaders -c SpaceInvaders
quartus_sta SpaceInvaders -c SpaceInvaders
quartus_eda --read_settings_files=off --write_settings_files=off SpaceInvaders -c SpaceInvaders



